0 info it worked if it ends with ok
1 verbose cli [ 'D:\\Program Files\\nodejs\\node.exe',
1 verbose cli   'D:\\Program Files\\nodejs\\node_modules\\npm\\bin\\npm-cli.js',
1 verbose cli   'start' ]
2 info using npm@3.10.10
3 info using node@v6.10.1
4 verbose run-script [ 'prestart', 'start', 'poststart' ]
5 info lifecycle graphql-server-startkit@0.0.0~prestart: graphql-server-startkit@0.0.0
6 silly lifecycle graphql-server-startkit@0.0.0~prestart: no script for prestart, continuing
7 info lifecycle graphql-server-startkit@0.0.0~start: graphql-server-startkit@0.0.0
8 verbose lifecycle graphql-server-startkit@0.0.0~start: unsafe-perm in lifecycle true
9 verbose lifecycle graphql-server-startkit@0.0.0~start: PATH: D:\Program Files\nodejs\node_modules\npm\bin\node-gyp-bin;D:\Projects\graphqlDemo\graphqlServer\node_modules\.bin;D:\Program Files\Git\mingw64\bin;D:\Program Files\Git\usr\bin;C:\Users\Simon\bin;C:\Windows\system32;C:\Windows;C:\Windows\System32\Wbem;C:\Windows\System32\WindowsPowerShell\v1.0;D:\Program Files\nodejs;D:\Program Files\nodejs;D:\Program Files\nodejs\node_global;D:\Program Files\Git\cmd;D:\Python27;D:\Python27\Scripts;C:\Users\Simon\AppData\Roaming\npm;D:\Program Files (x86)\Microsoft VS Code\bin
10 verbose lifecycle graphql-server-startkit@0.0.0~start: CWD: D:\Projects\graphqlDemo\graphqlServer
11 silly lifecycle graphql-server-startkit@0.0.0~start: Args: [ '/d /s /c',
11 silly lifecycle   'cross-env NODE_ENV=development nodemon ./server.js --exec babel-node' ]
12 silly lifecycle graphql-server-startkit@0.0.0~start: Returned: code: 3221225786  signal: null
13 info lifecycle graphql-server-startkit@0.0.0~start: Failed to exec start script
14 verbose stack Error: graphql-server-startkit@0.0.0 start: `cross-env NODE_ENV=development nodemon ./server.js --exec babel-node`
14 verbose stack Exit status 3221225786
14 verbose stack     at EventEmitter.<anonymous> (D:\Program Files\nodejs\node_modules\npm\lib\utils\lifecycle.js:255:16)
14 verbose stack     at emitTwo (events.js:106:13)
14 verbose stack     at EventEmitter.emit (events.js:191:7)
14 verbose stack     at ChildProcess.<anonymous> (D:\Program Files\nodejs\node_modules\npm\lib\utils\spawn.js:40:14)
14 verbose stack     at emitTwo (events.js:106:13)
14 verbose stack     at ChildProcess.emit (events.js:191:7)
14 verbose stack     at maybeClose (internal/child_process.js:886:16)
14 verbose stack     at Process.ChildProcess._handle.onexit (internal/child_process.js:226:5)
15 verbose pkgid graphql-server-startkit@0.0.0
16 verbose cwd D:\Projects\graphqlDemo\graphqlServer
17 error Windows_NT 6.1.7601
18 error argv "D:\\Program Files\\nodejs\\node.exe" "D:\\Program Files\\nodejs\\node_modules\\npm\\bin\\npm-cli.js" "start"
19 error node v6.10.1
20 error npm  v3.10.10
21 error code ELIFECYCLE
22 error graphql-server-startkit@0.0.0 start: `cross-env NODE_ENV=development nodemon ./server.js --exec babel-node`
22 error Exit status 3221225786
23 error Failed at the graphql-server-startkit@0.0.0 start script 'cross-env NODE_ENV=development nodemon ./server.js --exec babel-node'.
23 error Make sure you have the latest version of node.js and npm installed.
23 error If you do, this is most likely a problem with the graphql-server-startkit package,
23 error not with npm itself.
23 error Tell the author that this fails on your system:
23 error     cross-env NODE_ENV=development nodemon ./server.js --exec babel-node
23 error You can get information on how to open an issue for this project with:
23 error     npm bugs graphql-server-startkit
23 error Or if that isn't available, you can get their info via:
23 error     npm owner ls graphql-server-startkit
23 error There is likely additional logging output above.
24 verbose exit [ 1, true ]
